Slab 1 already calculated!
Slab 2 already calculated!
Slab 3 already calculated!
Slab 4 already calculated!
Done!
Calculation finished!
Data collected from PW output!
Coordinates saved!
Done!
Calculation finished!
Data collected from PW output!
Coordinates saved!
Done!
Calculation finished!
Data collected from PW output!
Coordinates saved!
Done!
Calculation finished!
Data collected from PW output!
Coordinates saved!
Done!
Calculation finished!
Data collected from PW output!
Coordinates saved!
Done!
Calculation finished!
Data collected from PW output!
Coordinates saved!
Done!
Calculation finished!
Data collected from PW output!
Coordinates saved!
Done!
Calculation finished!
Data collected from PW output!
Coordinates saved!
Done!
